<?xml version="1.0" encoding="UTF-8"?>
<!-- Generated by org.testng.reporters.JUnitXMLReporter -->
<testsuite hostname="it-PC" ignored="2" name="Command line test" tests="5" failures="0" timestamp="07 Mar 2020 20:22:32 GMT" time="43.314" errors="0">
  <testcase name="HomePageTitleTest" time="1.998" classname="com.qa.hubspot.tests.HomePageTest"/>
  <testcase name="verifyLoginPageTitleTest" time="6.481" classname="com.qa.hubspot.tests.LoginPageTest"/>
  <testcase name="verifyHomePageHeaderTest" time="1.881" classname="com.qa.hubspot.tests.HomePageTest"/>
  <testcase name="verifySignUpLink" time="1.285" classname="com.qa.hubspot.tests.LoginPageTest"/>
  <testcase name="loginTest" time="8.029" classname="com.qa.hubspot.tests.LoginPageTest"/>
  <testcase name="verifyLoggedInUserTest" time="0.0" classname="com.qa.hubspot.tests.HomePageTest">
    <ignored/>
  </testcase> <!-- verifyLoggedInUserTest -->
  <testcase name="invalidTestCase" time="0.0" classname="com.qa.hubspot.tests.LoginPageTest">
    <ignored/>
  </testcase> <!-- invalidTestCase -->
</testsuite> <!-- Command line test -->
