<?xml version="1.0" encoding="UTF-8"?>
<!-- Generated by org.testng.reporters.JUnitXMLReporter -->
<testsuite hostname="it-PC" ignored="1" name="Hub Spot Functional Regression Test" tests="3" failures="0" timestamp="11 May 2020 13:19:18 GMT" time="21.561" errors="0">
  <testcase name="verifyLoginPageTitleTest" time="5.744" classname="com.qa.hubspot.tests.LoginPageTest"/>
  <testcase name="verifySignUpLink" time="1.032" classname="com.qa.hubspot.tests.LoginPageTest"/>
  <testcase name="loginTest" time="6.62" classname="com.qa.hubspot.tests.LoginPageTest"/>
  <testcase name="invalidTestCase" time="0.0" classname="com.qa.hubspot.tests.LoginPageTest">
    <ignored/>
  </testcase> <!-- invalidTestCase -->
</testsuite> <!-- Hub Spot Functional Regression Test -->
