<?xml version="1.0" encoding="UTF-8"?>
<testng-results skipped="0" failed="0" ignored="1" total="4" passed="3">
  <reporter-output>
  </reporter-output>
  <suite name="HubSpot Regression Suite" duration-ms="21561" started-at="2020-05-11T13:18:56Z" finished-at="2020-05-11T13:19:18Z">
    <groups>
    </groups>
    <test name="Hub Spot Functional Regression Test" duration-ms="21561" started-at="2020-05-11T13:18:56Z" finished-at="2020-05-11T13:19:18Z">
      <class name="com.qa.hubspot.tests.LoginPageTest">
        <test-method status="PASS" signature="setup()[pri:0, instance:com.qa.hubspot.tests.LoginPageTest@60591e1b]" name="setup" is-config="true" duration-ms="6024" started-at="2020-05-11T13:18:56Z" finished-at="2020-05-11T13:19:02Z">
          <reporter-output>
          </reporter-output>
        </test-method> <!-- setup -->
        <test-method status="PASS" signature="verifyLoginPageTitleTest()[pri:1, instance:com.qa.hubspot.tests.LoginPageTest@60591e1b]" name="verifyLoginPageTitleTest" duration-ms="5744" started-at="2020-05-11T13:19:02Z" finished-at="2020-05-11T13:19:08Z">
          <reporter-output>
          </reporter-output>
        </test-method> <!-- verifyLoginPageTitleTest -->
        <test-method status="PASS" signature="verifySignUpLink()[pri:2, instance:com.qa.hubspot.tests.LoginPageTest@60591e1b]" name="verifySignUpLink" duration-ms="1032" started-at="2020-05-11T13:19:08Z" finished-at="2020-05-11T13:19:09Z">
          <reporter-output>
          </reporter-output>
        </test-method> <!-- verifySignUpLink -->
        <test-method status="PASS" signature="loginTest()[pri:3, instance:com.qa.hubspot.tests.LoginPageTest@60591e1b]" name="loginTest" duration-ms="6620" started-at="2020-05-11T13:19:09Z" finished-at="2020-05-11T13:19:16Z">
          <reporter-output>
          </reporter-output>
        </test-method> <!-- loginTest -->
        <test-method status="PASS" signature="tearDown()[pri:0, instance:com.qa.hubspot.tests.LoginPageTest@60591e1b]" name="tearDown" is-config="true" duration-ms="2085" started-at="2020-05-11T13:19:16Z" finished-at="2020-05-11T13:19:18Z">
          <reporter-output>
          </reporter-output>
        </test-method> <!-- tearDown -->
      </class> <!-- com.qa.hubspot.tests.LoginPageTest -->
    </test> <!-- Hub Spot Functional Regression Test -->
  </suite> <!-- HubSpot Regression Suite -->
</testng-results>
